<?xml version="1.0" encoding="UTF-8"?>
<testng-results ignored="0" total="12" passed="12" failed="0" skipped="0">
  <reporter-output>
  </reporter-output>
  <suite started-at="2024-02-25T02:45:41 IST" name="Surefire suite" finished-at="2024-02-25T02:46:19 IST" duration-ms="37881">
    <groups>
      <group name="cucumber">
        <method signature="AbstractTestNGCucumberTests.runScenario(io.cucumber.testng.PickleWrapper,io.cucumber.testng.FeatureWrapper)[pri:0, instance:TestRunner@793be5ca]" name="runScenario" class="io.cucumber.testng.AbstractTestNGCucumberTests"/>
      </group> <!-- cucumber -->
    </groups>
    <test started-at="2024-02-25T02:45:41 IST" name="Surefire test" finished-at="2024-02-25T02:46:19 IST" duration-ms="37881">
      <class name="TestRunner">
        <test-method is-config="true" signature="setUpClass(org.testng.ITestContext)[pri:0, instance:TestRunner@793be5ca]" started-at="2024-02-25T02:45:41 IST" name="setUpClass" finished-at="2024-02-25T02:45:42 IST" duration-ms="676" status="PASS">
          <params>
            <param index="0">
              <value>
                <![CDATA[org.testng.TestRunner@552fee7a]]>
              </value>
            </param>
          </params>
          <reporter-output>
          </reporter-output>
        </test-method> <!-- setUpClass -->
        <test-method signature="runScenario(io.cucumber.testng.PickleWrapper,io.cucumber.testng.FeatureWrapper)[pri:0, instance:TestRunner@793be5ca]" started-at="2024-02-25T02:45:42 IST" name="runScenario" description="Runs Cucumber Scenarios" data-provider="scenarios" finished-at="2024-02-25T02:45:46 IST" duration-ms="3762" status="PASS">
          <params>
            <param index="0">
              <value>
                <![CDATA["User will login to swag labs and add items to cart"]]>
              </value>
            </param>
            <param index="1">
              <value>
                <![CDATA["Add items to shopping cart"]]>
              </value>
            </param>
          </params>
          <reporter-output>
          </reporter-output>
        </test-method> <!-- runScenario -->
        <test-method signature="runScenario(io.cucumber.testng.PickleWrapper,io.cucumber.testng.FeatureWrapper)[pri:0, instance:TestRunner@793be5ca]" started-at="2024-02-25T02:45:46 IST" name="runScenario" description="Runs Cucumber Scenarios" data-provider="scenarios" finished-at="2024-02-25T02:45:49 IST" duration-ms="2796" status="PASS">
          <params>
            <param index="0">
              <value>
                <![CDATA["Login, add 2 products to shopping cart and checkout successfully"]]>
              </value>
            </param>
            <param index="1">
              <value>
                <![CDATA["Checkout Successfully"]]>
              </value>
            </param>
          </params>
          <reporter-output>
          </reporter-output>
        </test-method> <!-- runScenario -->
        <test-method signature="runScenario(io.cucumber.testng.PickleWrapper,io.cucumber.testng.FeatureWrapper)[pri:0, instance:TestRunner@793be5ca]" started-at="2024-02-25T02:45:49 IST" name="runScenario" description="Runs Cucumber Scenarios" data-provider="scenarios" finished-at="2024-02-25T02:45:52 IST" duration-ms="2849" status="PASS">
          <params>
            <param index="0">
              <value>
                <![CDATA["Checkout fails when user tries to checkout without providing user information"]]>
              </value>
            </param>
            <param index="1">
              <value>
                <![CDATA["Checkout fails because of no user information"]]>
              </value>
            </param>
          </params>
          <reporter-output>
          </reporter-output>
        </test-method> <!-- runScenario -->
        <test-method signature="runScenario(io.cucumber.testng.PickleWrapper,io.cucumber.testng.FeatureWrapper)[pri:0, instance:TestRunner@793be5ca]" started-at="2024-02-25T02:45:52 IST" name="runScenario" description="Runs Cucumber Scenarios" data-provider="scenarios" finished-at="2024-02-25T02:45:54 IST" duration-ms="2097" status="PASS">
          <params>
            <param index="0">
              <value>
                <![CDATA["Login fails when a locked out user tries to login"]]>
              </value>
            </param>
            <param index="1">
              <value>
                <![CDATA["Locked out user login denial"]]>
              </value>
            </param>
          </params>
          <reporter-output>
          </reporter-output>
        </test-method> <!-- runScenario -->
        <test-method signature="runScenario(io.cucumber.testng.PickleWrapper,io.cucumber.testng.FeatureWrapper)[pri:0, instance:TestRunner@793be5ca]" started-at="2024-02-25T02:45:54 IST" name="runScenario" description="Runs Cucumber Scenarios" data-provider="scenarios" finished-at="2024-02-25T02:45:56 IST" duration-ms="2045" status="PASS">
          <params>
            <param index="0">
              <value>
                <![CDATA["Login fails due to incorrect password"]]>
              </value>
            </param>
            <param index="1">
              <value>
                <![CDATA["Failed Login"]]>
              </value>
            </param>
          </params>
          <reporter-output>
          </reporter-output>
        </test-method> <!-- runScenario -->
        <test-method signature="runScenario(io.cucumber.testng.PickleWrapper,io.cucumber.testng.FeatureWrapper)[pri:0, instance:TestRunner@793be5ca]" started-at="2024-02-25T02:45:56 IST" name="runScenario" description="Runs Cucumber Scenarios" data-provider="scenarios" finished-at="2024-02-25T02:45:58 IST" duration-ms="2602" status="PASS">
          <params>
            <param index="0">
              <value>
                <![CDATA["Login successfully using valid username and password"]]>
              </value>
            </param>
            <param index="1">
              <value>
                <![CDATA["Successful Login"]]>
              </value>
            </param>
          </params>
          <reporter-output>
          </reporter-output>
        </test-method> <!-- runScenario -->
        <test-method signature="runScenario(io.cucumber.testng.PickleWrapper,io.cucumber.testng.FeatureWrapper)[pri:0, instance:TestRunner@793be5ca]" started-at="2024-02-25T02:45:58 IST" name="runScenario" description="Runs Cucumber Scenarios" data-provider="scenarios" finished-at="2024-02-25T02:46:01 IST" duration-ms="2823" status="PASS">
          <params>
            <param index="0">
              <value>
                <![CDATA["User will login and logout of the website successfully"]]>
              </value>
            </param>
            <param index="1">
              <value>
                <![CDATA["Logout Successfully"]]>
              </value>
            </param>
          </params>
          <reporter-output>
          </reporter-output>
        </test-method> <!-- runScenario -->
        <test-method signature="runScenario(io.cucumber.testng.PickleWrapper,io.cucumber.testng.FeatureWrapper)[pri:0, instance:TestRunner@793be5ca]" started-at="2024-02-25T02:46:01 IST" name="runScenario" description="Runs Cucumber Scenarios" data-provider="scenarios" finished-at="2024-02-25T02:46:08 IST" duration-ms="7281" status="PASS">
          <params>
            <param index="0">
              <value>
                <![CDATA["User is able to navigate to About page"]]>
              </value>
            </param>
            <param index="1">
              <value>
                <![CDATA["Navigate to About page"]]>
              </value>
            </param>
          </params>
          <reporter-output>
          </reporter-output>
        </test-method> <!-- runScenario -->
        <test-method signature="runScenario(io.cucumber.testng.PickleWrapper,io.cucumber.testng.FeatureWrapper)[pri:0, instance:TestRunner@793be5ca]" started-at="2024-02-25T02:46:08 IST" name="runScenario" description="Runs Cucumber Scenarios" data-provider="scenarios" finished-at="2024-02-25T02:46:12 IST" duration-ms="3112" status="PASS">
          <params>
            <param index="0">
              <value>
                <![CDATA["Product details are displayed when a user click on a specific product"]]>
              </value>
            </param>
            <param index="1">
              <value>
                <![CDATA["Visibility of Product details on click"]]>
              </value>
            </param>
          </params>
          <reporter-output>
          </reporter-output>
        </test-method> <!-- runScenario -->
        <test-method signature="runScenario(io.cucumber.testng.PickleWrapper,io.cucumber.testng.FeatureWrapper)[pri:0, instance:TestRunner@793be5ca]" started-at="2024-02-25T02:46:12 IST" name="runScenario" description="Runs Cucumber Scenarios" data-provider="scenarios" finished-at="2024-02-25T02:46:14 IST" duration-ms="2488" status="PASS">
          <params>
            <param index="0">
              <value>
                <![CDATA["User will login, add items to the cart and then go to the cart and remove one item"]]>
              </value>
            </param>
            <param index="1">
              <value>
                <![CDATA["Remove item from Shopping Cart"]]>
              </value>
            </param>
          </params>
          <reporter-output>
          </reporter-output>
        </test-method> <!-- runScenario -->
        <test-method signature="runScenario(io.cucumber.testng.PickleWrapper,io.cucumber.testng.FeatureWrapper)[pri:0, instance:TestRunner@793be5ca]" started-at="2024-02-25T02:46:14 IST" name="runScenario" description="Runs Cucumber Scenarios" data-provider="scenarios" finished-at="2024-02-25T02:46:17 IST" duration-ms="2807" status="PASS">
          <params>
            <param index="0">
              <value>
                <![CDATA["Login to swag labs and sort the inventory by price in ascending order"]]>
              </value>
            </param>
            <param index="1">
              <value>
                <![CDATA["Sort inventory by price in ascending order"]]>
              </value>
            </param>
          </params>
          <reporter-output>
          </reporter-output>
        </test-method> <!-- runScenario -->
        <test-method signature="runScenario(io.cucumber.testng.PickleWrapper,io.cucumber.testng.FeatureWrapper)[pri:0, instance:TestRunner@793be5ca]" started-at="2024-02-25T02:46:17 IST" name="runScenario" description="Runs Cucumber Scenarios" data-provider="scenarios" finished-at="2024-02-25T02:46:19 IST" duration-ms="2457" status="PASS">
          <params>
            <param index="0">
              <value>
                <![CDATA["Login to swag labs and sort the inventory by price in descending order"]]>
              </value>
            </param>
            <param index="1">
              <value>
                <![CDATA["Sort inventory by price in descending order"]]>
              </value>
            </param>
          </params>
          <reporter-output>
          </reporter-output>
        </test-method> <!-- runScenario -->
        <test-method is-config="true" signature="tearDownClass()[pri:0, instance:TestRunner@793be5ca]" started-at="2024-02-25T02:46:19 IST" name="tearDownClass" finished-at="2024-02-25T02:46:19 IST" duration-ms="35" status="PASS">
          <reporter-output>
          </reporter-output>
        </test-method> <!-- tearDownClass -->
      </class> <!-- TestRunner -->
    </test> <!-- Surefire test -->
  </suite> <!-- Surefire suite -->
</testng-results>
