<?xml version="1.0" encoding="UTF-8"?>
<testsuite xmlns:xsi="http://www.w3.org/2001/XMLSchema-instance" xsi:noNamespaceSchemaLocation="https://maven.apache.org/surefire/maven-surefire-plugin/xsd/surefire-test-report-3.0.xsd" version="3.0" name="TestRunner" time="38.393" tests="12" errors="0" skipped="0" failures="0">
  <properties>
[...]
</properties>
  <testcase name="runScenario[&quot;User will login to swag labs and add items to cart&quot;, &quot;Add items to shopping cart&quot;](1)" classname="TestRunner" time="3.764">
    <system-out><![CDATA[
Scenario: User will login to swag labs and add items to cart     # src/test/resources/features/AddAnItemToCart.feature:3
  Given I access the swag labs login page                        # stepDefinitions.LoginSuccessSteps.i_access_the_swag_labs_login_page()
  When I enter username                                          # stepDefinitions.LoginSuccessSteps.i_enter_username()
  And I enter password                                           # stepDefinitions.LoginSuccessSteps.i_enter_password()
  And I click on login button                                    # stepDefinitions.LoginSuccessSteps.i_click_on_login_button()
  And I add an item to cart                                      # stepDefinitions.AddAnItemToCartSteps.i_add_an_item_to_cart()
  And I click on cart icon                                       # stepDefinitions.CheckoutSuccessSteps.i_click_on_cart_icon()
  Then The items that I added should appear in the shopping cart # stepDefinitions.AddAnItemToCartSteps.the_items_that_i_added_should_appear_in_the_shopping_cart()
]]></system-out>
    <system-err><![CDATA[SLF4J: Failed to load class "org.slf4j.impl.StaticLoggerBinder".
SLF4J: Defaulting to no-operation (NOP) logger implementation
SLF4J: See http://www.slf4j.org/codes.html#StaticLoggerBinder for further details.
]]></system-err>
  </testcase>
  <testcase name="runScenario[&quot;Login, add 2 products to shopping cart and checkout successfully&quot;, &quot;Checkout Successfully&quot;](2)" classname="TestRunner" time="2.795">
    <system-out><![CDATA[
Scenario: Login, add 2 products to shopping cart and checkout successfully # src/test/resources/features/CheckoutSuccess.feature:3
  Given I access the swag labs login page                                  # stepDefinitions.LoginSuccessSteps.i_access_the_swag_labs_login_page()
  When I enter username                                                    # stepDefinitions.LoginSuccessSteps.i_enter_username()
  And I enter password                                                     # stepDefinitions.LoginSuccessSteps.i_enter_password()
  And I click on login button                                              # stepDefinitions.LoginSuccessSteps.i_click_on_login_button()
  And I add 2 items to cart                                                # stepDefinitions.CheckoutSuccessSteps.i_add_items_to_cart(int)
  And I click on cart icon                                                 # stepDefinitions.CheckoutSuccessSteps.i_click_on_cart_icon()
  And I click on checkout                                                  # stepDefinitions.CheckoutSuccessSteps.i_click_on_checkout()
  And I enter first name                                                   # stepDefinitions.CheckoutSuccessSteps.i_enter_first_name()
  And I enter last name                                                    # stepDefinitions.CheckoutSuccessSteps.i_enter_last_name()
  And I enter postal code                                                  # stepDefinitions.CheckoutSuccessSteps.i_enter_postal_code()
  And I click on continue                                                  # stepDefinitions.CheckoutSuccessSteps.i_click_on_continue()
  And I click on finish                                                    # stepDefinitions.CheckoutSuccessSteps.i_click_on_finish()
  Then I should get a successful message                                   # stepDefinitions.CheckoutSuccessSteps.i_should_get_a_successful_message()
]]></system-out>
  </testcase>
  <testcase name="runScenario[&quot;Checkout fails when user tries to checkout without providing user information&quot;, &quot;Checkout fails because of no user information&quot;](3)" classname="TestRunner" time="2.85">
    <system-out><![CDATA[
Scenario: Checkout fails when user tries to checkout without providing user information # src/test/resources/features/CheckoutWithoutUserInformationFail.feature:3
  Given I access the swag labs login page                                               # stepDefinitions.LoginSuccessSteps.i_access_the_swag_labs_login_page()
  When I enter username                                                                 # stepDefinitions.LoginSuccessSteps.i_enter_username()
  And I enter password                                                                  # stepDefinitions.LoginSuccessSteps.i_enter_password()
  And I click on login button                                                           # stepDefinitions.LoginSuccessSteps.i_click_on_login_button()
  And I add an item to cart                                                             # stepDefinitions.AddAnItemToCartSteps.i_add_an_item_to_cart()
  And I click on cart icon                                                              # stepDefinitions.CheckoutSuccessSteps.i_click_on_cart_icon()
  And I click on checkout                                                               # stepDefinitions.CheckoutSuccessSteps.i_click_on_checkout()
  And I click on continue                                                               # stepDefinitions.CheckoutSuccessSteps.i_click_on_continue()
  Then I should get an error message                                                    # stepDefinitions.CheckoutWithoutUserInformationFailSteps.i_should_get_an_error_message()
]]></system-out>
  </testcase>
  <testcase name="runScenario[&quot;Login fails when a locked out user tries to login&quot;, &quot;Locked out user login denial&quot;](4)" classname="TestRunner" time="2.096">
    <system-out><![CDATA[
Scenario: Login fails when a locked out user tries to login # src/test/resources/features/LockedOutUserLogin.feature:3
  Given I access the swag labs login page                   # stepDefinitions.LoginSuccessSteps.i_access_the_swag_labs_login_page()
  When I enter a locked out username                        # stepDefinitions.LockedOutUserLogin.i_enter_a_locked_out_username()
  And I enter password                                      # stepDefinitions.LoginSuccessSteps.i_enter_password()
  And I click on login button                               # stepDefinitions.LoginSuccessSteps.i_click_on_login_button()
  Then I get an error message for locked out user           # stepDefinitions.LockedOutUserLogin.i_get_an_error_message_for_locked_out_user()
]]></system-out>
  </testcase>
  <testcase name="runScenario[&quot;Login fails due to incorrect password&quot;, &quot;Failed Login&quot;](5)" classname="TestRunner" time="2.045">
    <system-out><![CDATA[
Scenario: Login fails due to incorrect password      # src/test/resources/features/LoginFail.feature:3
  Given I access the swag labs login page            # stepDefinitions.LoginSuccessSteps.i_access_the_swag_labs_login_page()
  When I enter username                              # stepDefinitions.LoginSuccessSteps.i_enter_username()
  And I enter wrong password                         # stepDefinitions.LoginFailSteps.i_enter_wrong_password()
  And I click on login button                        # stepDefinitions.LoginSuccessSteps.i_click_on_login_button()
  Then I get an error message for incorrect password # stepDefinitions.LoginFailSteps.i_get_an_error_message_for_incorrect_password_username()
]]></system-out>
  </testcase>
  <testcase name="runScenario[&quot;Login successfully using valid username and password&quot;, &quot;Successful Login&quot;](6)" classname="TestRunner" time="2.603">
    <system-out><![CDATA[
Scenario: Login successfully using valid username and password # src/test/resources/features/LoginSuccess.feature:3
  Given I access the swag labs login page                      # stepDefinitions.LoginSuccessSteps.i_access_the_swag_labs_login_page()
  When I enter username                                        # stepDefinitions.LoginSuccessSteps.i_enter_username()
  And I enter password                                         # stepDefinitions.LoginSuccessSteps.i_enter_password()
  And I click on login button                                  # stepDefinitions.LoginSuccessSteps.i_click_on_login_button()
  Then I should be presented with products list                # stepDefinitions.LoginSuccessSteps.i_should_be_presented_with_products_list()
]]></system-out>
  </testcase>
  <testcase name="runScenario[&quot;User will login and logout of the website successfully&quot;, &quot;Logout Successfully&quot;](7)" classname="TestRunner" time="2.822">
    <system-out><![CDATA[
Scenario: User will login and logout of the website successfully # src/test/resources/features/LogoutSuccess.feature:3
  Given I access the swag labs login page                        # stepDefinitions.LoginSuccessSteps.i_access_the_swag_labs_login_page()
  When I enter username                                          # stepDefinitions.LoginSuccessSteps.i_enter_username()
  And I enter password                                           # stepDefinitions.LoginSuccessSteps.i_enter_password()
  And I click on login button                                    # stepDefinitions.LoginSuccessSteps.i_click_on_login_button()
  And I click on hamburger menu                                  # stepDefinitions.LogoutSuccessSteps.i_click_on_hamburger_menu()
  And I click on logout                                          # stepDefinitions.LogoutSuccessSteps.i_click_on_logout()
  Then I should be back to the login page                        # stepDefinitions.LogoutSuccessSteps.i_should_be_back_to_the_login_page()
]]></system-out>
  </testcase>
  <testcase name="runScenario[&quot;User is able to navigate to About page&quot;, &quot;Navigate to About page&quot;](8)" classname="TestRunner" time="7.281">
    <system-out><![CDATA[
Scenario: User is able to navigate to About page # src/test/resources/features/NavigationToAboutPage.feature:3
  Given I access the swag labs login page        # stepDefinitions.LoginSuccessSteps.i_access_the_swag_labs_login_page()
  When I enter username                          # stepDefinitions.LoginSuccessSteps.i_enter_username()
  And I enter password                           # stepDefinitions.LoginSuccessSteps.i_enter_password()
  And I click on login button                    # stepDefinitions.LoginSuccessSteps.i_click_on_login_button()
  And I click on hamburger menu                  # stepDefinitions.LogoutSuccessSteps.i_click_on_hamburger_menu()
  And I click on About                           # stepDefinitions.NavigationToAboutPageSteps.i_click_on_about()
  Then About page should be displayed            # stepDefinitions.NavigationToAboutPageSteps.about_page_should_be_displayed()
]]></system-out>
  </testcase>
  <testcase name="runScenario[&quot;Product details are displayed when a user click on a specific product&quot;, &quot;Visibility of Product details on click&quot;](9)" classname="TestRunner" time="3.112">
    <system-out><![CDATA[
Scenario: Product details are displayed when a user click on a specific product # src/test/resources/features/ProductDetailsVisibleOnClick.feature:3
  Given I access the swag labs login page                                       # stepDefinitions.LoginSuccessSteps.i_access_the_swag_labs_login_page()
  When I enter username                                                         # stepDefinitions.LoginSuccessSteps.i_enter_username()
  And I enter password                                                          # stepDefinitions.LoginSuccessSteps.i_enter_password()
  And I click on login button                                                   # stepDefinitions.LoginSuccessSteps.i_click_on_login_button()
  And I click on a product                                                      # stepDefinitions.ProductDetailsVisibleOnClickSteps.i_click_on_a_product()
  Then I should get the details about that product                              # stepDefinitions.ProductDetailsVisibleOnClickSteps.i_should_get_the_details_about_that_product()
]]></system-out>
  </testcase>
  <testcase name="runScenario[&quot;User will login, add items to the cart and then go to the cart and remove one item&quot;, &quot;Remove item from Shopping Cart&quot;](10)" classname="TestRunner" time="2.488">
    <system-out><![CDATA[
Scenario: User will login, add items to the cart and then go to the cart and remove one item # src/test/resources/features/RemoveItemFromCart.feature:3
  Given I access the swag labs login page                                                    # stepDefinitions.LoginSuccessSteps.i_access_the_swag_labs_login_page()
  When I enter username                                                                      # stepDefinitions.LoginSuccessSteps.i_enter_username()
  And I enter password                                                                       # stepDefinitions.LoginSuccessSteps.i_enter_password()
  And I click on login button                                                                # stepDefinitions.LoginSuccessSteps.i_click_on_login_button()
  And I add items to the cart                                                                # stepDefinitions.RemoveItemFromCartSteps.i_add_items_to_the_cart()
  And I click on cart icon                                                                   # stepDefinitions.CheckoutSuccessSteps.i_click_on_cart_icon()
  And I click the remove button for a specific item                                          # stepDefinitions.RemoveItemFromCartSteps.i_click_the_remove_button_for_a_specific_item()
  Then the item should be immediately removed from the cart                                  # stepDefinitions.RemoveItemFromCartSteps.the_item_should_be_immediately_removed_from_the_cart()
  And cart count should update accordingly                                                   # stepDefinitions.RemoveItemFromCartSteps.cart_count_should_update_accordingly()
]]></system-out>
  </testcase>
  <testcase name="runScenario[&quot;Login to swag labs and sort the inventory by price in ascending order&quot;, &quot;Sort inventory by price in ascending order&quot;](11)" classname="TestRunner" time="2.807">
    <system-out><![CDATA[
Scenario: Login to swag labs and sort the inventory by price in ascending order # src/test/resources/features/SortByPriceAsc.feature:3
  Given I access the swag labs login page                                       # stepDefinitions.LoginSuccessSteps.i_access_the_swag_labs_login_page()
  When I enter username                                                         # stepDefinitions.LoginSuccessSteps.i_enter_username()
  And I enter password                                                          # stepDefinitions.LoginSuccessSteps.i_enter_password()
  And I click on login button                                                   # stepDefinitions.LoginSuccessSteps.i_click_on_login_button()
  And I click on sort                                                           # stepDefinitions.SortByPriceDescSteps.i_click_on_sort()
  And I select low to high                                                      # stepDefinitions.SortByPriceAscSteps.i_select_low_to_high()
  Then Price of items should be in ascending order                              # stepDefinitions.SortByPriceAscSteps.price_of_items_should_be_in_ascending_order()
]]></system-out>
  </testcase>
  <testcase name="runScenario[&quot;Login to swag labs and sort the inventory by price in descending order&quot;, &quot;Sort inventory by price in descending order&quot;](12)" classname="TestRunner" time="2.458">
    <system-out><![CDATA[
Scenario: Login to swag labs and sort the inventory by price in descending order # src/test/resources/features/SortByPriceDesc.feature:3
  Given I access the swag labs login page                                        # stepDefinitions.LoginSuccessSteps.i_access_the_swag_labs_login_page()
  When I enter username                                                          # stepDefinitions.LoginSuccessSteps.i_enter_username()
  And I enter password                                                           # stepDefinitions.LoginSuccessSteps.i_enter_password()
  And I click on login button                                                    # stepDefinitions.LoginSuccessSteps.i_click_on_login_button()
  And I click on sort                                                            # stepDefinitions.SortByPriceDescSteps.i_click_on_sort()
  And I select high to low                                                       # stepDefinitions.SortByPriceDescSteps.i_select_high_to_low()
  Then Price of items should be in descending order                              # stepDefinitions.SortByPriceDescSteps.price_of_items_should_be_in_descending_order()
]]></system-out>
  </testcase>
</testsuite>