<?xml version="1.0" encoding="UTF-8"?>
<testng-results ignored="0" total="12" passed="12" failed="0" skipped="0">
  <reporter-output>
  </reporter-output>
  <suite started-at="2024-02-25T02:32:44 IST" name="Surefire suite" finished-at="2024-02-25T02:33:21 IST" duration-ms="37123">
    <groups>
      <group name="cucumber">
        <method signature="AbstractTestNGCucumberTests.runScenario(io.cucumber.testng.PickleWrapper,io.cucumber.testng.FeatureWrapper)[pri:0, instance:TestRunner@793be5ca]" name="runScenario" class="io.cucumber.testng.AbstractTestNGCucumberTests"/>
      </group> <!-- cucumber -->
    </groups>
    <test started-at="2024-02-25T02:32:44 IST" name="Surefire test" finished-at="2024-02-25T02:33:21 IST" duration-ms="37123">
      <class name="TestRunner">
        <test-method is-config="true" signature="setUpClass(org.testng.ITestContext)[pri:0, instance:TestRunner@793be5ca]" started-at="2024-02-25T02:32:44 IST" name="setUpClass" finished-at="2024-02-25T02:32:44 IST" duration-ms="583" status="PASS">
          <params>
            <param index="0">
              <value>
                <![CDATA[org.testng.TestRunner@31f77791]]>
              </value>
            </param>
          </params>
          <reporter-output>
          </reporter-output>
        </test-method> <!-- setUpClass -->
        <test-method signature="runScenario(io.cucumber.testng.PickleWrapper,io.cucumber.testng.FeatureWrapper)[pri:0, instance:TestRunner@793be5ca]" started-at="2024-02-25T02:32:44 IST" name="runScenario" description="Runs Cucumber Scenarios" data-provider="scenarios" finished-at="2024-02-25T02:32:48 IST" duration-ms="3121" status="PASS">
          <params>
            <param index="0">
              <value>
                <![CDATA["User will login to swag labs and add items to cart"]]>
              </value>
            </param>
            <param index="1">
              <value>
                <![CDATA["Add items to shopping cart"]]>
              </value>
            </param>
          </params>
          <reporter-output>
          </reporter-output>
        </test-method> <!-- runScenario -->
        <test-method signature="runScenario(io.cucumber.testng.PickleWrapper,io.cucumber.testng.FeatureWrapper)[pri:0, instance:TestRunner@793be5ca]" started-at="2024-02-25T02:32:48 IST" name="runScenario" description="Runs Cucumber Scenarios" data-provider="scenarios" finished-at="2024-02-25T02:32:50 IST" duration-ms="2795" status="PASS">
          <params>
            <param index="0">
              <value>
                <![CDATA["Login, add 2 products to shopping cart and checkout successfully"]]>
              </value>
            </param>
            <param index="1">
              <value>
                <![CDATA["Checkout Successfully"]]>
              </value>
            </param>
          </params>
          <reporter-output>
          </reporter-output>
        </test-method> <!-- runScenario -->
        <test-method signature="runScenario(io.cucumber.testng.PickleWrapper,io.cucumber.testng.FeatureWrapper)[pri:0, instance:TestRunner@793be5ca]" started-at="2024-02-25T02:32:50 IST" name="runScenario" description="Runs Cucumber Scenarios" data-provider="scenarios" finished-at="2024-02-25T02:32:53 IST" duration-ms="2673" status="PASS">
          <params>
            <param index="0">
              <value>
                <![CDATA["Checkout fails when user tries to checkout without providing user information"]]>
              </value>
            </param>
            <param index="1">
              <value>
                <![CDATA["Checkout fails because of no user information"]]>
              </value>
            </param>
          </params>
          <reporter-output>
          </reporter-output>
        </test-method> <!-- runScenario -->
        <test-method signature="runScenario(io.cucumber.testng.PickleWrapper,io.cucumber.testng.FeatureWrapper)[pri:0, instance:TestRunner@793be5ca]" started-at="2024-02-25T02:32:53 IST" name="runScenario" description="Runs Cucumber Scenarios" data-provider="scenarios" finished-at="2024-02-25T02:32:55 IST" duration-ms="2125" status="PASS">
          <params>
            <param index="0">
              <value>
                <![CDATA["Login fails when a locked out user tries to login"]]>
              </value>
            </param>
            <param index="1">
              <value>
                <![CDATA["Locked out user login denial"]]>
              </value>
            </param>
          </params>
          <reporter-output>
          </reporter-output>
        </test-method> <!-- runScenario -->
        <test-method signature="runScenario(io.cucumber.testng.PickleWrapper,io.cucumber.testng.FeatureWrapper)[pri:0, instance:TestRunner@793be5ca]" started-at="2024-02-25T02:32:55 IST" name="runScenario" description="Runs Cucumber Scenarios" data-provider="scenarios" finished-at="2024-02-25T02:32:57 IST" duration-ms="2137" status="PASS">
          <params>
            <param index="0">
              <value>
                <![CDATA["Login fails due to incorrect password"]]>
              </value>
            </param>
            <param index="1">
              <value>
                <![CDATA["Failed Login"]]>
              </value>
            </param>
          </params>
          <reporter-output>
          </reporter-output>
        </test-method> <!-- runScenario -->
        <test-method signature="runScenario(io.cucumber.testng.PickleWrapper,io.cucumber.testng.FeatureWrapper)[pri:0, instance:TestRunner@793be5ca]" started-at="2024-02-25T02:32:57 IST" name="runScenario" description="Runs Cucumber Scenarios" data-provider="scenarios" finished-at="2024-02-25T02:33:00 IST" duration-ms="2499" status="PASS">
          <params>
            <param index="0">
              <value>
                <![CDATA["Login successfully using valid username and password"]]>
              </value>
            </param>
            <param index="1">
              <value>
                <![CDATA["Successful Login"]]>
              </value>
            </param>
          </params>
          <reporter-output>
          </reporter-output>
        </test-method> <!-- runScenario -->
        <test-method signature="runScenario(io.cucumber.testng.PickleWrapper,io.cucumber.testng.FeatureWrapper)[pri:0, instance:TestRunner@793be5ca]" started-at="2024-02-25T02:33:00 IST" name="runScenario" description="Runs Cucumber Scenarios" data-provider="scenarios" finished-at="2024-02-25T02:33:03 IST" duration-ms="2965" status="PASS">
          <params>
            <param index="0">
              <value>
                <![CDATA["User will login and logout of the website successfully"]]>
              </value>
            </param>
            <param index="1">
              <value>
                <![CDATA["Logout Successfully"]]>
              </value>
            </param>
          </params>
          <reporter-output>
          </reporter-output>
        </test-method> <!-- runScenario -->
        <test-method signature="runScenario(io.cucumber.testng.PickleWrapper,io.cucumber.testng.FeatureWrapper)[pri:0, instance:TestRunner@793be5ca]" started-at="2024-02-25T02:33:03 IST" name="runScenario" description="Runs Cucumber Scenarios" data-provider="scenarios" finished-at="2024-02-25T02:33:10 IST" duration-ms="7764" status="PASS">
          <params>
            <param index="0">
              <value>
                <![CDATA["User is able to navigate to About page"]]>
              </value>
            </param>
            <param index="1">
              <value>
                <![CDATA["Navigate to About page"]]>
              </value>
            </param>
          </params>
          <reporter-output>
          </reporter-output>
        </test-method> <!-- runScenario -->
        <test-method signature="runScenario(io.cucumber.testng.PickleWrapper,io.cucumber.testng.FeatureWrapper)[pri:0, instance:TestRunner@793be5ca]" started-at="2024-02-25T02:33:10 IST" name="runScenario" description="Runs Cucumber Scenarios" data-provider="scenarios" finished-at="2024-02-25T02:33:13 IST" duration-ms="2779" status="PASS">
          <params>
            <param index="0">
              <value>
                <![CDATA["Product details are displayed when a user click on a specific product"]]>
              </value>
            </param>
            <param index="1">
              <value>
                <![CDATA["Visibility of Product details on click"]]>
              </value>
            </param>
          </params>
          <reporter-output>
          </reporter-output>
        </test-method> <!-- runScenario -->
        <test-method signature="runScenario(io.cucumber.testng.PickleWrapper,io.cucumber.testng.FeatureWrapper)[pri:0, instance:TestRunner@793be5ca]" started-at="2024-02-25T02:33:13 IST" name="runScenario" description="Runs Cucumber Scenarios" data-provider="scenarios" finished-at="2024-02-25T02:33:16 IST" duration-ms="2502" status="PASS">
          <params>
            <param index="0">
              <value>
                <![CDATA["User will login, add items to the cart and then go to the cart and remove one item"]]>
              </value>
            </param>
            <param index="1">
              <value>
                <![CDATA["Remove item from Shopping Cart"]]>
              </value>
            </param>
          </params>
          <reporter-output>
          </reporter-output>
        </test-method> <!-- runScenario -->
        <test-method signature="runScenario(io.cucumber.testng.PickleWrapper,io.cucumber.testng.FeatureWrapper)[pri:0, instance:TestRunner@793be5ca]" started-at="2024-02-25T02:33:16 IST" name="runScenario" description="Runs Cucumber Scenarios" data-provider="scenarios" finished-at="2024-02-25T02:33:18 IST" duration-ms="2445" status="PASS">
          <params>
            <param index="0">
              <value>
                <![CDATA["Login to swag labs and sort the inventory by price in ascending order"]]>
              </value>
            </param>
            <param index="1">
              <value>
                <![CDATA["Sort inventory by price in ascending order"]]>
              </value>
            </param>
          </params>
          <reporter-output>
          </reporter-output>
        </test-method> <!-- runScenario -->
        <test-method signature="runScenario(io.cucumber.testng.PickleWrapper,io.cucumber.testng.FeatureWrapper)[pri:0, instance:TestRunner@793be5ca]" started-at="2024-02-25T02:33:18 IST" name="runScenario" description="Runs Cucumber Scenarios" data-provider="scenarios" finished-at="2024-02-25T02:33:21 IST" duration-ms="2666" status="PASS">
          <params>
            <param index="0">
              <value>
                <![CDATA["Login to swag labs and sort the inventory by price in descending order"]]>
              </value>
            </param>
            <param index="1">
              <value>
                <![CDATA["Sort inventory by price in descending order"]]>
              </value>
            </param>
          </params>
          <reporter-output>
          </reporter-output>
        </test-method> <!-- runScenario -->
        <test-method is-config="true" signature="tearDownClass()[pri:0, instance:TestRunner@793be5ca]" started-at="2024-02-25T02:33:21 IST" name="tearDownClass" finished-at="2024-02-25T02:33:21 IST" duration-ms="21" status="PASS">
          <reporter-output>
          </reporter-output>
        </test-method> <!-- tearDownClass -->
      </class> <!-- TestRunner -->
    </test> <!-- Surefire test -->
  </suite> <!-- Surefire suite -->
</testng-results>
